<?xml version="1.0" encoding="UTF-8"?>
<!-- Generated by org.testng.reporters.JUnitReportReporter -->
<testsuite hostname="LAPTOP-D80GU6R0" failures="0" tests="1" name="testcases.CreateManufacturingOrder" time="11.563" errors="0" timestamp="2022-01-16T18:43:40 IST" skipped="0">
  <testcase classname="testcases.CreateManufacturingOrder" name="CreateManufacturingOrder" time="11.563"/>
  <system-out/>
</testsuite> <!-- testcases.CreateManufacturingOrder -->
